# configure exec: ./configure --prefix=/home/betty/Developer/kafka-authen/node_modules/node-rdkafka/build/deps --libdir=/home/betty/Developer/kafka-authen/node_modules/node-rdkafka/build/deps --prefix=/home/betty/Developer/kafka-authen/node_modules/node-rdkafka/build/deps --libdir=/home/betty/Developer/kafka-authen/node_modules/node-rdkafka/build/deps
# On Fri Apr 21 13:10:32 +07 2023
DBG 13079: Setting distro (distro) status to ok (action ignore)
DBG 13079: ccenv: WITH_CC:  --version failed: mklove/modules/configure.base: line 1824: --version: command not found
DBG 13079: Setting ccenv (ccenv) status to failed (action cont)
DBG 13079: Check ccenv (WITH_CC, action cont (originally cont)) failed: command ' --version' failed:
mklove/modules/configure.base: line 1824: --version: command not found
DBG 13079: Setting gcc (gcc) status to ok (action cont)
DBG 13079: cxxenv: WITH_CXX:  --version failed: mklove/modules/configure.base: line 1824: --version: command not found
DBG 13079: Setting cxxenv (cxxenv) status to failed (action cont)
DBG 13079: Check cxxenv (WITH_CXX, action cont (originally cont)) failed: command ' --version' failed:
mklove/modules/configure.base: line 1824: --version: command not found
DBG 13079: Setting gxx (gxx) status to ok (action cont)
DBG 13079: Setting ld (ld) status to ok (action disable)
DBG 13079: Setting nm (nm) status to ok (action disable)
DBG 13079: Setting objdump (objdump) status to ok (action disable)
DBG 13079: Setting strip (strip) status to ok (action disable)
DBG 13079: libtool: : libtool is not executable: 
DBG 13079: Setting libtool (libtool) status to failed (action disable)
DBG 13079: Check libtool (, action disable (originally disable)) failed: libtool is not executable
DBG 13079: Setting ranlib (ranlib) status to ok (action disable)
DBG 13079: pkgconfig: WITH_PKGCONFIG: pkg-config --version failed: mklove/modules/configure.base: line 1824: pkg-config: command not found
DBG 13079: Setting pkgconfig (pkgconfig) status to failed (action cont)
DBG 13079: Check pkgconfig (WITH_PKGCONFIG, action cont (originally cont)) failed: command 'pkg-config --version' failed:
mklove/modules/configure.base: line 1824: pkg-config: command not found
DBG 13079: Setting install (install) status to ok (action cont)
DBG 13079: Setting gnuar (gnuar) status to ok (action disable)
DBG 13079: Compile check PIC (HAVE_PIC) (sub=0): gcc  -g -O2 -Wall -Werror _mkltmpy2hgci.c -o _mkltmpy2hgci.c.o  -L/home/betty/Developer/kafka-authen/node_modules/node-rdkafka/build/deps -fPIC 
DBG 13079: Setting PIC (PIC) status to ok (action disable)
DBG 13079: Compile check gnulib (WITH_GNULD) (sub=0): gcc  -g -O2 -fPIC -Wall -Werror _mkltmp5Dot1u.c -o _mkltmp5Dot1u.c.o  -L/home/betty/Developer/kafka-authen/node_modules/node-rdkafka/build/deps -shared -Wl,-soname,mkltest.0 
DBG 13079: Setting gnulib (gnulib) status to ok (action cont)
DBG 13079: Compile check ldsflagvs () (sub=0): gcc  -g -O2 -fPIC -Wall -Werror _mkltmpobOdOS.c -o _mkltmpobOdOS.c.o  -L/home/betty/Developer/kafka-authen/node_modules/node-rdkafka/build/deps -shared -Wl,--version-script=_mkltmpjMDJIU 
DBG 13079: Setting ldsflagvs (ldsflagvs) status to ok (action cont)
DBG 13079: Compile check __atomic_32 (HAVE_ATOMICS_32) (sub=0): gcc  -g -O2 -fPIC -Wall -Werror _mkltmpWWdGtN.c -o _mkltmpWWdGtN.c.o  -L/home/betty/Developer/kafka-authen/node_modules/node-rdkafka/build/deps  
DBG 13079: Setting __atomic_32 (__atomic_32) status to ok (action cont)
DBG 13079: Compile check __atomic_64 (HAVE_ATOMICS_64) (sub=0): gcc  -g -O2 -fPIC -Wall -Werror _mkltmpGjY6fo.c -o _mkltmpGjY6fo.c.o  -L/home/betty/Developer/kafka-authen/node_modules/node-rdkafka/build/deps  
DBG 13079: Setting __atomic_64 (__atomic_64) status to ok (action cont)
DBG 13079: Compile check socket () (sub=0): gcc  -g -O2 -fPIC -Wall -Wsign-compare -Wfloat-equal -Wpointer-arith -Wcast-align -Wall -Werror _mkltmpXQZBjf.c -o _mkltmpXQZBjf.c.o  -L/home/betty/Developer/kafka-authen/node_modules/node-rdkafka/build/deps  
DBG 13079: Setting socket (socket) status to ok (action cont)
DBG 13079: Setting parseversion (parseversion) status to ok (action cont)
DBG 13079: librt: Check for static library (libs -lrt, arfile variable STATIC_LIB_librt=, static filenames )
DBG 13079: Compile check librt () (sub=0): gcc  -g -O2 -fPIC -Wall -Wsign-compare -Wfloat-equal -Wpointer-arith -Wcast-align -Wall -Werror _mkltmpMDuV6M.c -o _mkltmpMDuV6M.c.o  -L/home/betty/Developer/kafka-authen/node_modules/node-rdkafka/build/deps -lrt 
DBG 13079: Setting librt (librt) status to ok (action cont)
DBG 13079: librt: from lib_check: LIBS: prepend -lrt
DBG 13079: libpthread: Check for static library (libs -lpthread, arfile variable STATIC_LIB_libpthread=, static filenames )
DBG 13079: Compile check libpthread () (sub=0): gcc  -g -O2 -fPIC -Wall -Wsign-compare -Wfloat-equal -Wpointer-arith -Wcast-align -Wall -Werror _mkltmpVNUuou.c -o _mkltmpVNUuou.c.o  -L/home/betty/Developer/kafka-authen/node_modules/node-rdkafka/build/deps -lpthread -lrt
DBG 13079: Setting libpthread (libpthread) status to ok (action fail)
DBG 13079: libpthread: from lib_check: LIBS: prepend -lpthread
DBG 13079: c11threads: Check for static library (libs -lpthread -lrt, arfile variable STATIC_LIB_c11threads=, static filenames )
DBG 13079: Compile check c11threads (WITH_C11THREADS) (sub=0): gcc  -g -O2 -fPIC -Wall -Wsign-compare -Wfloat-equal -Wpointer-arith -Wcast-align -Wall -Werror _mkltmpksGZEA.c -o _mkltmpksGZEA.c.o  -L/home/betty/Developer/kafka-authen/node_modules/node-rdkafka/build/deps -lpthread -lrt -lpthread -lrt
DBG 13079: Setting c11threads (c11threads) status to ok (action disable)
DBG 13079: c11threads: from lib_check: LIBS: prepend -lpthread -lrt
DBG 13079: libdl: Check for static library (libs -ldl, arfile variable STATIC_LIB_libdl=, static filenames )
DBG 13079: Compile check libdl (WITH_LIBDL) (sub=0): gcc  -g -O2 -fPIC -Wall -Wsign-compare -Wfloat-equal -Wpointer-arith -Wcast-align -Wall -Werror _mkltmpU3ECiX.c -o _mkltmpU3ECiX.c.o  -L/home/betty/Developer/kafka-authen/node_modules/node-rdkafka/build/deps -ldl -lpthread -lrt -lpthread -lrt
DBG 13079: Setting libdl (libdl) status to ok (action disable)
DBG 13079: libdl: from lib_check: LIBS: prepend -ldl
DBG 13079: zlib: Check for static library (libs -lz, arfile variable STATIC_LIB_zlib=, static filenames libz.a)
DBG 13079: Compile check zlib (WITH_ZLIB) (sub=0): gcc  -g -O2 -fPIC -Wall -Wsign-compare -Wfloat-equal -Wpointer-arith -Wcast-align -Wall -Werror _mkltmpVTyy78.c -o _mkltmpVTyy78.c.o  -L/home/betty/Developer/kafka-authen/node_modules/node-rdkafka/build/deps -lz -ldl -lpthread -lrt -lpthread -lrt
DBG 13079: compile check for zlib (WITH_ZLIB) failed: gcc  -g -O2 -fPIC -Wall -Wsign-compare -Wfloat-equal -Wpointer-arith -Wcast-align -Wall -Werror _mkltmpVTyy78.c -o _mkltmpVTyy78.c.o  -L/home/betty/Developer/kafka-authen/node_modules/node-rdkafka/build/deps -lz -ldl -lpthread -lrt -lpthread -lrt: _mkltmpVTyy78.c:3:10: fatal error: zlib.h: No such file or directory
    3 | #include <zlib.h>
      |          ^~~~~~~~
compilation terminated.
DBG 13079: Setting zlib (zlib) status to failed (action disable)
DBG 13079: Check zlib (WITH_ZLIB, action disable (originally disable)) failed: compile check failed:
CC: CC
flags: -lz
gcc  -g -O2 -fPIC -Wall -Wsign-compare -Wfloat-equal -Wpointer-arith -Wcast-align -Wall -Werror _mkltmpVTyy78.c -o _mkltmpVTyy78.c.o  -L/home/betty/Developer/kafka-authen/node_modules/node-rdkafka/build/deps -lz -ldl -lpthread -lrt -lpthread -lrt:
_mkltmpVTyy78.c:3:10: fatal error: zlib.h: No such file or directory
    3 | #include <zlib.h>
      |          ^~~~~~~~
compilation terminated.
source: 
#include <stddef.h>
#include <zlib.h>

void foo (void) {
     z_stream *p = NULL;
     inflate(p, 0);
}

DBG 13079: libcrypto: Check for static library (libs -lcrypto, arfile variable STATIC_LIB_libcrypto=, static filenames libcrypto.a)
DBG 13079: Compile check libcrypto () (sub=0): gcc  -g -O2 -fPIC -Wall -Wsign-compare -Wfloat-equal -Wpointer-arith -Wcast-align -Wall -Werror _mkltmpdVaYtt.c -o _mkltmpdVaYtt.c.o  -L/home/betty/Developer/kafka-authen/node_modules/node-rdkafka/build/deps -lcrypto -ldl -lpthread -lrt -lpthread -lrt
DBG 13079: compile check for libcrypto () failed: gcc  -g -O2 -fPIC -Wall -Wsign-compare -Wfloat-equal -Wpointer-arith -Wcast-align -Wall -Werror _mkltmpdVaYtt.c -o _mkltmpdVaYtt.c.o  -L/home/betty/Developer/kafka-authen/node_modules/node-rdkafka/build/deps -lcrypto -ldl -lpthread -lrt -lpthread -lrt: _mkltmpdVaYtt.c:2:10: fatal error: openssl/ssl.h: No such file or directory
    2 | #include <openssl/ssl.h>
      |          ^~~~~~~~~~~~~~~
compilation terminated.
DBG 13079: Setting libcrypto (libcrypto) status to failed (action disable)
DBG 13079: Check libcrypto (, action disable (originally disable)) failed: compile check failed:
CC: CC
flags: -lcrypto
gcc  -g -O2 -fPIC -Wall -Wsign-compare -Wfloat-equal -Wpointer-arith -Wcast-align -Wall -Werror _mkltmpdVaYtt.c -o _mkltmpdVaYtt.c.o  -L/home/betty/Developer/kafka-authen/node_modules/node-rdkafka/build/deps -lcrypto -ldl -lpthread -lrt -lpthread -lrt:
_mkltmpdVaYtt.c:2:10: fatal error: openssl/ssl.h: No such file or directory
    2 | #include <openssl/ssl.h>
      |          ^~~~~~~~~~~~~~~
compilation terminated.
source: 
#include <openssl/ssl.h>
#include <openssl/evp.h>
#if OPENSSL_VERSION_NUMBER < 0x1000100fL
#error "Requires OpenSSL version >= v1.0.1"
#endif
DBG 13079: libsasl2: Check for static library (libs -lsasl2, arfile variable STATIC_LIB_libsasl2=, static filenames )
DBG 13079: Compile check libsasl2 (WITH_SASL_CYRUS) (sub=0): gcc  -g -O2 -fPIC -Wall -Wsign-compare -Wfloat-equal -Wpointer-arith -Wcast-align -Wall -Werror _mkltmpmmEIzr.c -o _mkltmpmmEIzr.c.o  -L/home/betty/Developer/kafka-authen/node_modules/node-rdkafka/build/deps -lsasl2 -ldl -lpthread -lrt -lpthread -lrt
DBG 13079: compile check for libsasl2 (WITH_SASL_CYRUS) failed: gcc  -g -O2 -fPIC -Wall -Wsign-compare -Wfloat-equal -Wpointer-arith -Wcast-align -Wall -Werror _mkltmpmmEIzr.c -o _mkltmpmmEIzr.c.o  -L/home/betty/Developer/kafka-authen/node_modules/node-rdkafka/build/deps -lsasl2 -ldl -lpthread -lrt -lpthread -lrt: _mkltmpmmEIzr.c:3:10: fatal error: sasl/sasl.h: No such file or directory
    3 | #include <sasl/sasl.h>
      |          ^~~~~~~~~~~~~
compilation terminated.
DBG 13079: Setting libsasl2 (libsasl2) status to failed (action disable)
DBG 13079: Check libsasl2 (WITH_SASL_CYRUS, action disable (originally disable)) failed: compile check failed:
CC: CC
flags: -lsasl2
gcc  -g -O2 -fPIC -Wall -Wsign-compare -Wfloat-equal -Wpointer-arith -Wcast-align -Wall -Werror _mkltmpmmEIzr.c -o _mkltmpmmEIzr.c.o  -L/home/betty/Developer/kafka-authen/node_modules/node-rdkafka/build/deps -lsasl2 -ldl -lpthread -lrt -lpthread -lrt:
_mkltmpmmEIzr.c:3:10: fatal error: sasl/sasl.h: No such file or directory
    3 | #include <sasl/sasl.h>
      |          ^~~~~~~~~~~~~
compilation terminated.
source: 
#include <stddef.h>
#include <sasl/sasl.h>

DBG 13079: libsasl: Check for static library (libs -lsasl, arfile variable STATIC_LIB_libsasl=, static filenames )
DBG 13079: Compile check libsasl (WITH_SASL_CYRUS) (sub=0): gcc  -g -O2 -fPIC -Wall -Wsign-compare -Wfloat-equal -Wpointer-arith -Wcast-align -Wall -Werror _mkltmpP4EmGv.c -o _mkltmpP4EmGv.c.o  -L/home/betty/Developer/kafka-authen/node_modules/node-rdkafka/build/deps -lsasl -ldl -lpthread -lrt -lpthread -lrt
DBG 13079: compile check for libsasl (WITH_SASL_CYRUS) failed: gcc  -g -O2 -fPIC -Wall -Wsign-compare -Wfloat-equal -Wpointer-arith -Wcast-align -Wall -Werror _mkltmpP4EmGv.c -o _mkltmpP4EmGv.c.o  -L/home/betty/Developer/kafka-authen/node_modules/node-rdkafka/build/deps -lsasl -ldl -lpthread -lrt -lpthread -lrt: _mkltmpP4EmGv.c:3:10: fatal error: sasl/sasl.h: No such file or directory
    3 | #include <sasl/sasl.h>
      |          ^~~~~~~~~~~~~
compilation terminated.
DBG 13079: Setting libsasl (libsasl) status to failed (action disable)
DBG 13079: Check libsasl (WITH_SASL_CYRUS, action disable (originally disable)) failed: compile check failed:
CC: CC
flags: -lsasl
gcc  -g -O2 -fPIC -Wall -Wsign-compare -Wfloat-equal -Wpointer-arith -Wcast-align -Wall -Werror _mkltmpP4EmGv.c -o _mkltmpP4EmGv.c.o  -L/home/betty/Developer/kafka-authen/node_modules/node-rdkafka/build/deps -lsasl -ldl -lpthread -lrt -lpthread -lrt:
_mkltmpP4EmGv.c:3:10: fatal error: sasl/sasl.h: No such file or directory
    3 | #include <sasl/sasl.h>
      |          ^~~~~~~~~~~~~
compilation terminated.
source: 
#include <stddef.h>
#include <sasl/sasl.h>

DBG 13079: libzstd: Check for static library (libs -lzstd, arfile variable STATIC_LIB_libzstd=, static filenames libzstd.a)
DBG 13079: Compile check libzstd (WITH_ZSTD) (sub=0): gcc  -g -O2 -fPIC -Wall -Wsign-compare -Wfloat-equal -Wpointer-arith -Wcast-align -Wall -Werror _mkltmpGr1GzO.c -o _mkltmpGr1GzO.c.o  -L/home/betty/Developer/kafka-authen/node_modules/node-rdkafka/build/deps -lzstd -ldl -lpthread -lrt -lpthread -lrt
DBG 13079: compile check for libzstd (WITH_ZSTD) failed: gcc  -g -O2 -fPIC -Wall -Wsign-compare -Wfloat-equal -Wpointer-arith -Wcast-align -Wall -Werror _mkltmpGr1GzO.c -o _mkltmpGr1GzO.c.o  -L/home/betty/Developer/kafka-authen/node_modules/node-rdkafka/build/deps -lzstd -ldl -lpthread -lrt -lpthread -lrt: _mkltmpGr1GzO.c:2:10: fatal error: zstd.h: No such file or directory
    2 | #include <zstd.h>
      |          ^~~~~~~~
compilation terminated.
DBG 13079: Setting libzstd (libzstd) status to failed (action disable)
DBG 13079: Check libzstd (WITH_ZSTD, action disable (originally disable)) failed: compile check failed:
CC: CC
flags: -lzstd
gcc  -g -O2 -fPIC -Wall -Wsign-compare -Wfloat-equal -Wpointer-arith -Wcast-align -Wall -Werror _mkltmpGr1GzO.c -o _mkltmpGr1GzO.c.o  -L/home/betty/Developer/kafka-authen/node_modules/node-rdkafka/build/deps -lzstd -ldl -lpthread -lrt -lpthread -lrt:
_mkltmpGr1GzO.c:2:10: fatal error: zstd.h: No such file or directory
    2 | #include <zstd.h>
      |          ^~~~~~~~
compilation terminated.
source: 
#include <zstd.h>
#include <zstd_errors.h>

void foo (void) {
     ZSTD_getFrameContentSize(NULL, 0);
}

DBG 13079: libcurl: Check for static library (libs -lcurl, arfile variable STATIC_LIB_libcurl=, static filenames libcurl.a)
DBG 13079: Compile check libcurl (WITH_CURL) (sub=0): gcc  -g -O2 -fPIC -Wall -Wsign-compare -Wfloat-equal -Wpointer-arith -Wcast-align -Wall -Werror _mkltmpz2DF8Z.c -o _mkltmpz2DF8Z.c.o  -L/home/betty/Developer/kafka-authen/node_modules/node-rdkafka/build/deps -lcurl -ldl -lpthread -lrt -lpthread -lrt
DBG 13079: compile check for libcurl (WITH_CURL) failed: gcc  -g -O2 -fPIC -Wall -Wsign-compare -Wfloat-equal -Wpointer-arith -Wcast-align -Wall -Werror _mkltmpz2DF8Z.c -o _mkltmpz2DF8Z.c.o  -L/home/betty/Developer/kafka-authen/node_modules/node-rdkafka/build/deps -lcurl -ldl -lpthread -lrt -lpthread -lrt: _mkltmpz2DF8Z.c:2:10: fatal error: curl/curl.h: No such file or directory
    2 | #include <curl/curl.h>
      |          ^~~~~~~~~~~~~
compilation terminated.
DBG 13079: Setting libcurl (libcurl) status to failed (action disable)
DBG 13079: Check libcurl (WITH_CURL, action disable (originally disable)) failed: compile check failed:
CC: CC
flags: -lcurl
gcc  -g -O2 -fPIC -Wall -Wsign-compare -Wfloat-equal -Wpointer-arith -Wcast-align -Wall -Werror _mkltmpz2DF8Z.c -o _mkltmpz2DF8Z.c.o  -L/home/betty/Developer/kafka-authen/node_modules/node-rdkafka/build/deps -lcurl -ldl -lpthread -lrt -lpthread -lrt:
_mkltmpz2DF8Z.c:2:10: fatal error: curl/curl.h: No such file or directory
    2 | #include <curl/curl.h>
      |          ^~~~~~~~~~~~~
compilation terminated.
source: 
#include <curl/curl.h>

void foo (void) {
     curl_global_init(CURL_GLOBAL_DEFAULT);
}

DBG 13079: libm: Check for static library (libs -lm, arfile variable STATIC_LIB_libm=, static filenames )
DBG 13079: Compile check libm () (sub=0): gcc  -g -O2 -fPIC -Wall -Wsign-compare -Wfloat-equal -Wpointer-arith -Wcast-align -Wall -Werror _mkltmpZMiBOc.c -o _mkltmpZMiBOc.c.o  -L/home/betty/Developer/kafka-authen/node_modules/node-rdkafka/build/deps -lm -ldl -lpthread -lrt -lpthread -lrt
DBG 13079: Setting libm (libm) status to ok (action disable)
DBG 13079: libm: from lib_check: LIBS: prepend -lm
DBG 13079: liblz4: Check for static library (libs -llz4, arfile variable STATIC_LIB_liblz4=, static filenames liblz4.a)
DBG 13079: Compile check liblz4 (WITH_LZ4_EXT) (sub=0): gcc  -g -O2 -fPIC -Wall -Wsign-compare -Wfloat-equal -Wpointer-arith -Wcast-align -Wall -Werror _mkltmpm6I2Re.c -o _mkltmpm6I2Re.c.o  -L/home/betty/Developer/kafka-authen/node_modules/node-rdkafka/build/deps -llz4 -lm -ldl -lpthread -lrt -lpthread -lrt
DBG 13079: compile check for liblz4 (WITH_LZ4_EXT) failed: gcc  -g -O2 -fPIC -Wall -Wsign-compare -Wfloat-equal -Wpointer-arith -Wcast-align -Wall -Werror _mkltmpm6I2Re.c -o _mkltmpm6I2Re.c.o  -L/home/betty/Developer/kafka-authen/node_modules/node-rdkafka/build/deps -llz4 -lm -ldl -lpthread -lrt -lpthread -lrt: _mkltmpm6I2Re.c:1:10: fatal error: lz4frame.h: No such file or directory
    1 | #include <lz4frame.h>
      |          ^~~~~~~~~~~~
compilation terminated.
DBG 13079: Setting liblz4 (liblz4) status to failed (action disable)
DBG 13079: Check liblz4 (WITH_LZ4_EXT, action disable (originally disable)) failed: compile check failed:
CC: CC
flags: -llz4
gcc  -g -O2 -fPIC -Wall -Wsign-compare -Wfloat-equal -Wpointer-arith -Wcast-align -Wall -Werror _mkltmpm6I2Re.c -o _mkltmpm6I2Re.c.o  -L/home/betty/Developer/kafka-authen/node_modules/node-rdkafka/build/deps -llz4 -lm -ldl -lpthread -lrt -lpthread -lrt:
_mkltmpm6I2Re.c:1:10: fatal error: lz4frame.h: No such file or directory
    1 | #include <lz4frame.h>
      |          ^~~~~~~~~~~~
compilation terminated.
source: #include <lz4frame.h>
DBG 13079: Compile check syslog (WITH_SYSLOG) (sub=0): gcc  -g -O2 -fPIC -Wall -Wsign-compare -Wfloat-equal -Wpointer-arith -Wcast-align -Wall -Werror _mkltmp5B1bOD.c -o _mkltmp5B1bOD.c.o  -L/home/betty/Developer/kafka-authen/node_modules/node-rdkafka/build/deps  -lm -ldl -lpthread -lrt -lpthread -lrt
DBG 13079: Setting syslog (syslog) status to ok (action disable)
DBG 13079: Compile check rapidjson (WITH_RAPIDJSON) (sub=0): g++  -g -O2 -fPIC -Wall -Wsign-compare -Wfloat-equal -Wpointer-arith -Wcast-align -Wall -Werror _mkltmpdgZheA.cpp -o _mkltmpdgZheA.cpp.o  -L/home/betty/Developer/kafka-authen/node_modules/node-rdkafka/build/deps  -lm -ldl -lpthread -lrt -lpthread -lrt
DBG 13079: compile check for rapidjson (WITH_RAPIDJSON) failed: g++  -g -O2 -fPIC -Wall -Wsign-compare -Wfloat-equal -Wpointer-arith -Wcast-align -Wall -Werror _mkltmpdgZheA.cpp -o _mkltmpdgZheA.cpp.o  -L/home/betty/Developer/kafka-authen/node_modules/node-rdkafka/build/deps  -lm -ldl -lpthread -lrt -lpthread -lrt: _mkltmpdgZheA.cpp:1:10: fatal error: rapidjson/schema.h: No such file or directory
    1 | #include <rapidjson/schema.h>
      |          ^~~~~~~~~~~~~~~~~~~~
compilation terminated.
DBG 13079: Setting rapidjson (rapidjson) status to failed (action disable)
DBG 13079: Check rapidjson (WITH_RAPIDJSON, action disable (originally disable)) failed: compile check failed:
CC: CXX
flags: 
g++  -g -O2 -fPIC -Wall -Wsign-compare -Wfloat-equal -Wpointer-arith -Wcast-align -Wall -Werror _mkltmpdgZheA.cpp -o _mkltmpdgZheA.cpp.o  -L/home/betty/Developer/kafka-authen/node_modules/node-rdkafka/build/deps  -lm -ldl -lpthread -lrt -lpthread -lrt:
_mkltmpdgZheA.cpp:1:10: fatal error: rapidjson/schema.h: No such file or directory
    1 | #include <rapidjson/schema.h>
      |          ^~~~~~~~~~~~~~~~~~~~
compilation terminated.
source: #include <rapidjson/schema.h>
DBG 13079: Compile check crc32chw (WITH_CRC32C_HW) (sub=0): gcc  -g -O2 -fPIC -Wall -Wsign-compare -Wfloat-equal -Wpointer-arith -Wcast-align -Wall -Werror _mkltmpogbQvQ.c -o _mkltmpogbQvQ.c.o  -L/home/betty/Developer/kafka-authen/node_modules/node-rdkafka/build/deps  -lm -ldl -lpthread -lrt -lpthread -lrt
DBG 13079: Setting crc32chw (crc32chw) status to ok (action disable)
DBG 13079: Compile check regex (HAVE_REGEX) (sub=0): gcc  -g -O2 -fPIC -Wall -Wsign-compare -Wfloat-equal -Wpointer-arith -Wcast-align -Wall -Werror _mkltmpfv9Gli.c -o _mkltmpfv9Gli.c.o  -L/home/betty/Developer/kafka-authen/node_modules/node-rdkafka/build/deps  -lm -ldl -lpthread -lrt -lpthread -lrt
DBG 13079: Setting regex (regex) status to ok (action disable)
DBG 13079: Compile check rand_r (HAVE_RAND_R) (sub=0): gcc  -g -O2 -fPIC -Wall -Wsign-compare -Wfloat-equal -Wpointer-arith -Wcast-align -Wall -Werror _mkltmpysB7MK.c -o _mkltmpysB7MK.c.o  -L/home/betty/Developer/kafka-authen/node_modules/node-rdkafka/build/deps  -lm -ldl -lpthread -lrt -lpthread -lrt
DBG 13079: Setting rand_r (rand_r) status to ok (action disable)
DBG 13079: Compile check strndup (HAVE_STRNDUP) (sub=0): gcc  -g -O2 -fPIC -Wall -Wsign-compare -Wfloat-equal -Wpointer-arith -Wcast-align -Wall -Werror _mkltmpSBNfYd.c -o _mkltmpSBNfYd.c.o  -L/home/betty/Developer/kafka-authen/node_modules/node-rdkafka/build/deps  -lm -ldl -lpthread -lrt -lpthread -lrt
DBG 13079: Setting strndup (strndup) status to ok (action disable)
DBG 13079: Compile check strlcpy (HAVE_STRLCPY) (sub=0): gcc  -g -O2 -fPIC -Wall -Wsign-compare -Wfloat-equal -Wpointer-arith -Wcast-align -Wall -Werror _mkltmpFFaFDw.c -o _mkltmpFFaFDw.c.o  -L/home/betty/Developer/kafka-authen/node_modules/node-rdkafka/build/deps  -lm -ldl -lpthread -lrt -lpthread -lrt
DBG 13079: compile check for strlcpy (HAVE_STRLCPY) failed: gcc  -g -O2 -fPIC -Wall -Wsign-compare -Wfloat-equal -Wpointer-arith -Wcast-align -Wall -Werror _mkltmpFFaFDw.c -o _mkltmpFFaFDw.c.o  -L/home/betty/Developer/kafka-authen/node_modules/node-rdkafka/build/deps  -lm -ldl -lpthread -lrt -lpthread -lrt: _mkltmpFFaFDw.c: In function ‘foo’:
_mkltmpFFaFDw.c:6:11: error: implicit declaration of function ‘strlcpy’; did you mean ‘strncpy’? [-Werror=implicit-function-declaration]
    6 |    return strlcpy(dest, "something", sizeof(dest));
      |           ^~~~~~~
      |           strncpy
cc1: all warnings being treated as errors
DBG 13079: Setting strlcpy (strlcpy) status to failed (action disable)
DBG 13079: Check strlcpy (HAVE_STRLCPY, action disable (originally disable)) failed: compile check failed:
CC: CC
flags: 
gcc  -g -O2 -fPIC -Wall -Wsign-compare -Wfloat-equal -Wpointer-arith -Wcast-align -Wall -Werror _mkltmpFFaFDw.c -o _mkltmpFFaFDw.c.o  -L/home/betty/Developer/kafka-authen/node_modules/node-rdkafka/build/deps  -lm -ldl -lpthread -lrt -lpthread -lrt:
_mkltmpFFaFDw.c: In function ‘foo’:
_mkltmpFFaFDw.c:6:11: error: implicit declaration of function ‘strlcpy’; did you mean ‘strncpy’? [-Werror=implicit-function-declaration]
    6 |    return strlcpy(dest, "something", sizeof(dest));
      |           ^~~~~~~
      |           strncpy
cc1: all warnings being treated as errors
source: 
#define _DARWIN_C_SOURCE
#include <string.h>
int foo (void) {
    char dest[4];
   return strlcpy(dest, "something", sizeof(dest));
}
DBG 13079: Compile check strerror_r (HAVE_STRERROR_R) (sub=0): gcc  -g -O2 -fPIC -Wall -Wsign-compare -Wfloat-equal -Wpointer-arith -Wcast-align -Wall -Werror _mkltmpWsKXV4.c -o _mkltmpWsKXV4.c.o  -L/home/betty/Developer/kafka-authen/node_modules/node-rdkafka/build/deps  -lm -ldl -lpthread -lrt -lpthread -lrt
DBG 13079: Setting strerror_r (strerror_r) status to ok (action disable)
DBG 13079: Compile check strcasestr (HAVE_STRCASESTR) (sub=0): gcc  -g -O2 -fPIC -Wall -Wsign-compare -Wfloat-equal -Wpointer-arith -Wcast-align -Wall -Werror _mkltmptWK2wt.c -o _mkltmptWK2wt.c.o  -L/home/betty/Developer/kafka-authen/node_modules/node-rdkafka/build/deps  -lm -ldl -lpthread -lrt -lpthread -lrt
DBG 13079: Setting strcasestr (strcasestr) status to ok (action disable)
DBG 13079: Compile check pthread_setname_gnu (HAVE_PTHREAD_SETNAME_GNU) (sub=0): gcc  -g -O2 -fPIC -Wall -Wsign-compare -Wfloat-equal -Wpointer-arith -Wcast-align -Wall -Werror _mkltmpNuPtwn.c -o _mkltmpNuPtwn.c.o  -L/home/betty/Developer/kafka-authen/node_modules/node-rdkafka/build/deps -D_GNU_SOURCE -lpthread -lm -ldl -lpthread -lrt -lpthread -lrt
DBG 13079: Setting pthread_setname_gnu (pthread_setname_gnu) status to ok (action disable)
DBG 13079: Setting nm (nm) status to ok (action cont)
DBG 13079: Setting python3 (python3) status to ok (action disable)
DBG 13079: Compile check getrusage (HAVE_GETRUSAGE) (sub=0): gcc  -g -O2 -fPIC -Wall -Wsign-compare -Wfloat-equal -Wpointer-arith -Wcast-align -Wall -Werror _mkltmps8jWIa.c -o _mkltmps8jWIa.c.o  -L/home/betty/Developer/kafka-authen/node_modules/node-rdkafka/build/deps  -lm -ldl -lpthread -lrt -lpthread -lrt
DBG 13079: Setting getrusage (getrusage) status to ok (action disable)
